
## ---------------------- ##
## Running config.status. ##
## ---------------------- ##

This file was extended by googleproxy config.status 2.0, which was
generated by GNU Autoconf 2.69.  Invocation command line was

  CONFIG_FILES    = 
  CONFIG_HEADERS  = 
  CONFIG_LINKS    = 
  CONFIG_COMMANDS = 
  $ /home/cai/workspace/googleproxy/config.status config.h.unix.in

on gentoo

config.status:812: error: invalid argument: `config.h.unix.in'

## ---------------------- ##
## Running config.status. ##
## ---------------------- ##

This file was extended by googleproxy config.status 2.0, which was
generated by GNU Autoconf 2.69.  Invocation command line was

  CONFIG_FILES    = 
  CONFIG_HEADERS  = 
  CONFIG_LINKS    = 
  CONFIG_COMMANDS = 
  $ /home/cai/workspace/googleproxy/config.status config.h.unix.in

on gentoo

config.status:812: error: invalid argument: `config.h.unix.in'

## ---------------------- ##
## Running config.status. ##
## ---------------------- ##

This file was extended by googleproxy config.status 2.0, which was
generated by GNU Autoconf 2.69.  Invocation command line was

  CONFIG_FILES    = 
  CONFIG_HEADERS  = 
  CONFIG_LINKS    = 
  CONFIG_COMMANDS = 
  $ /home/cai/workspace/googleproxy/config.status config.h.unix.in

on gentoo

config.status:812: error: invalid argument: `config.h.unix.in'

## ---------------------- ##
## Running config.status. ##
## ---------------------- ##

This file was extended by googleproxy config.status 2.0, which was
generated by GNU Autoconf 2.69.  Invocation command line was

  CONFIG_FILES    = 
  CONFIG_HEADERS  = 
  CONFIG_LINKS    = 
  CONFIG_COMMANDS = 
  $ /home/cai/workspace/googleproxy/config.status config.h.in

on gentoo

config.status:812: error: invalid argument: `config.h.in'

## ---------------------- ##
## Running config.status. ##
## ---------------------- ##

This file was extended by googleproxy config.status 2.0, which was
generated by GNU Autoconf 2.69.  Invocation command line was

  CONFIG_FILES    = 
  CONFIG_HEADERS  = 
  CONFIG_LINKS    = 
  CONFIG_COMMANDS = 
  $ /home/cai/workspace/googleproxy/config.status config.h.in

on gentoo

config.status:812: error: invalid argument: `config.h.in'

## ---------------------- ##
## Running config.status. ##
## ---------------------- ##

This file was extended by googleproxy config.status 2.0, which was
generated by GNU Autoconf 2.69.  Invocation command line was

  CONFIG_FILES    = 
  CONFIG_HEADERS  = 
  CONFIG_LINKS    = 
  CONFIG_COMMANDS = 
  $ /home/cai/workspace/googleproxy/config.status config.h.in

on gentoo

config.status:812: error: invalid argument: `config.h.in'

## ---------------------- ##
## Running config.status. ##
## ---------------------- ##

This file was extended by googleproxy config.status 2.0, which was
generated by GNU Autoconf 2.69.  Invocation command line was

  CONFIG_FILES    = 
  CONFIG_HEADERS  = 
  CONFIG_LINKS    = 
  CONFIG_COMMANDS = 
  $ /home/cai/workspace/googleproxy/config.status config.h.in

on gentoo

config.status:812: error: invalid argument: `config.h.in'
